<?xml version="1.0" encoding="UTF-8"?>
<!-- Generated by org.testng.reporters.JUnitReportReporter -->
<testsuite hostname="LAPTOP-BMKPEHQM" failures="0" tests="1" name="com.inetbanking.testCases.TC_LoginTest_001" time="2.643" errors="0" timestamp="18 Feb 2020 06:03:11 GMT" skipped="0">
  <testcase classname="com.inetbanking.testCases.TC_LoginTest_001" name="loginTest" time="2.643"/>
</testsuite> <!-- com.inetbanking.testCases.TC_LoginTest_001 -->
